<?xml version="1.0" encoding="UTF-8"?>
<testng-results skipped="0" failed="0" ignored="0" total="1" passed="1">
  <reporter-output>
  </reporter-output>
  <suite name="Default suite" duration-ms="2328" started-at="2019-07-01T18:12:30Z" finished-at="2019-07-01T18:12:33Z">
    <groups>
    </groups>
    <test name="Default test" duration-ms="2328" started-at="2019-07-01T18:12:30Z" finished-at="2019-07-01T18:12:33Z">
      <class name="maven1.firstp.Tests.UITests.UITest1">
        <test-method status="PASS" signature="beforeSuite()[pri:0, instance:maven1.firstp.Tests.UITests.UITest1@91161c7]" name="beforeSuite" is-config="true" duration-ms="6415" started-at="2019-07-01T18:12:24Z" finished-at="2019-07-01T18:12:30Z">
          <reporter-output>
          </reporter-output>
        </test-method> <!-- beforeSuite -->
        <test-method status="PASS" signature="beforeTest()[pri:0, instance:maven1.firstp.Tests.UITests.UITest1@91161c7]" name="beforeTest" is-config="true" duration-ms="1" started-at="2019-07-01T18:12:30Z" finished-at="2019-07-01T18:12:30Z">
          <reporter-output>
          </reporter-output>
        </test-method> <!-- beforeTest -->
        <test-method status="PASS" signature="beforeClass()[pri:0, instance:maven1.firstp.Tests.UITests.UITest1@91161c7]" name="beforeClass" is-config="true" duration-ms="0" started-at="2019-07-01T18:12:30Z" finished-at="2019-07-01T18:12:30Z">
          <reporter-output>
          </reporter-output>
        </test-method> <!-- beforeClass -->
        <test-method status="PASS" signature="RegisterUser()[pri:0, instance:maven1.firstp.Tests.UITests.UITest1@91161c7]" name="RegisterUser" duration-ms="2273" started-at="2019-07-01T18:12:30Z" finished-at="2019-07-01T18:12:33Z">
          <reporter-output>
          </reporter-output>
        </test-method> <!-- RegisterUser -->
        <test-method status="PASS" signature="beforeMethod()[pri:0, instance:maven1.firstp.Tests.UITests.UITest1@91161c7]" name="beforeMethod" is-config="true" duration-ms="0" started-at="2019-07-01T18:12:30Z" finished-at="2019-07-01T18:12:30Z">
          <reporter-output>
          </reporter-output>
        </test-method> <!-- beforeMethod -->
        <test-method status="PASS" signature="afterMethod()[pri:0, instance:maven1.firstp.Tests.UITests.UITest1@91161c7]" name="afterMethod" is-config="true" duration-ms="1" started-at="2019-07-01T18:12:33Z" finished-at="2019-07-01T18:12:33Z">
          <reporter-output>
          </reporter-output>
        </test-method> <!-- afterMethod -->
        <test-method status="PASS" signature="afterTest()[pri:0, instance:maven1.firstp.Tests.UITests.UITest1@91161c7]" name="afterTest" is-config="true" duration-ms="0" started-at="2019-07-01T18:12:33Z" finished-at="2019-07-01T18:12:33Z">
          <reporter-output>
          </reporter-output>
        </test-method> <!-- afterTest -->
        <test-method status="PASS" signature="afterClass()[pri:0, instance:maven1.firstp.Tests.UITests.UITest1@91161c7]" name="afterClass" is-config="true" duration-ms="0" started-at="2019-07-01T18:12:33Z" finished-at="2019-07-01T18:12:33Z">
          <reporter-output>
          </reporter-output>
        </test-method> <!-- afterClass -->
        <test-method status="PASS" signature="afterSuite()[pri:0, instance:maven1.firstp.Tests.UITests.UITest1@91161c7]" name="afterSuite" is-config="true" duration-ms="734" started-at="2019-07-01T18:12:33Z" finished-at="2019-07-01T18:12:33Z">
          <reporter-output>
          </reporter-output>
        </test-method> <!-- afterSuite -->
      </class> <!-- maven1.firstp.Tests.UITests.UITest1 -->
    </test> <!-- Default test -->
  </suite> <!-- Default suite -->
</testng-results>
